This is pdfTeX, Version 3.1415926-2.5-1.40.14 (TeX Live 2013/W32TeX) (format=pdflatex 2014.5.1)  25 MAY 2014 14:56
entering extended mode
 restricted \write18 enabled.
 %&-line parsing enabled.
**Projektplan-ChronoX.tex
(./Projektplan-ChronoX.tex
LaTeX2e <2011/06/27>
Babel <3.9k> and hyphenation patterns for 78 languages loaded.

(s:/Apps/TeXstudioPlus portable/LaTeX portable/texlive portable/texmf-dist/tex/
latex/koma-script/scrartcl.cls
Document Class: scrartcl 2013/12/19 v3.12 KOMA-Script document class (article)

(s:/Apps/TeXstudioPlus portable/LaTeX portable/texlive portable/texmf-dist/tex/
latex/koma-script/scrkbase.sty
Package: scrkbase 2013/12/19 v3.12 KOMA-Script package (KOMA-Script-dependent b
asics and keyval usage)

(s:/Apps/TeXstudioPlus portable/LaTeX portable/texlive portable/texmf-dist/tex/
latex/koma-script/scrbase.sty
Package: scrbase 2013/12/19 v3.12 KOMA-Script package (KOMA-Script-independent 
basics and keyval usage)

(s:/Apps/TeXstudioPlus portable/LaTeX portable/texlive portable/texmf-dist/tex/
latex/graphics/keyval.sty
Package: keyval 1999/03/16 v1.13 key=value parser (DPC)
\KV@toks@=\toks14
)
(s:/Apps/TeXstudioPlus portable/LaTeX portable/texlive portable/texmf-dist/tex/
latex/koma-script/scrlfile.sty
Package: scrlfile 2013/12/19 v3.12 KOMA-Script package (loading files)

Package scrlfile, 2013/12/19 v3.12 KOMA-Script package (loading files)
                  Copyright (C) Markus Kohm

)))
(s:/Apps/TeXstudioPlus portable/LaTeX portable/texlive portable/texmf-dist/tex/
latex/koma-script/tocbasic.sty
Package: tocbasic 2013/12/19 v3.12 KOMA-Script package (handling toc-files)
)
Package tocbasic Info: omitting babel extension for `toc'
(tocbasic)             because of feature `nobabel' available
(tocbasic)             for `toc' on input line 115.
Package tocbasic Info: omitting babel extension for `lof'
(tocbasic)             because of feature `nobabel' available
(tocbasic)             for `lof' on input line 116.
Package tocbasic Info: omitting babel extension for `lot'
(tocbasic)             because of feature `nobabel' available
(tocbasic)             for `lot' on input line 117.
Package scrbase Info: Unknown processing state.
(scrbase)             Processing option `twoside'
(scrbase)             of member `.scrartcl.cls' of family
(scrbase)             `KOMA' doesn't set
(scrbase)             a valid state. This will be interpreted
(scrbase)             as \FamilyKeyStateProcessed on input line 1150.
Class scrartcl Info: File `scrsize12pt.clo' used to setup font sizes on input l
ine 1531.

(s:/Apps/TeXstudioPlus portable/LaTeX portable/texlive portable/texmf-dist/tex/
latex/koma-script/scrsize12pt.clo
File: scrsize12pt.clo 2013/12/19 v3.12 KOMA-Script font size class option (12pt
)
)
(s:/Apps/TeXstudioPlus portable/LaTeX portable/texlive portable/texmf-dist/tex/
latex/koma-script/typearea.sty
Package: typearea 2013/12/19 v3.12 KOMA-Script package (type area)

Package typearea, 2013/12/19 v3.12 KOMA-Script package (type area)
                  Copyright (C) Frank Neukam, 1992-1994
                  Copyright (C) Markus Kohm, 1994-

\ta@bcor=\skip41
\ta@div=\count79
\ta@hblk=\skip42
\ta@vblk=\skip43
\ta@temp=\skip44
\footheight=\skip45
Package typearea Info: These are the values describing the layout:
(typearea)             DIV  = 12
(typearea)             BCOR = 0.0pt
(typearea)             \paperwidth      = 597.50793pt
(typearea)              \textwidth      = 448.13095pt
(typearea)              DIV departure   = -6%
(typearea)              \evensidemargin = 27.31467pt
(typearea)              \oddsidemargin  = -22.47766pt
(typearea)             \paperheight     = 845.04694pt
(typearea)              \textheight     = 635.5pt
(typearea)              \topmargin      = -41.72441pt
(typearea)              \headheight     = 18.125pt
(typearea)              \headsep        = 21.75pt
(typearea)              \topskip        = 12.0pt
(typearea)              \footskip       = 50.75pt
(typearea)              \baselineskip   = 14.5pt
(typearea)              on input line 1330.
)
\c@part=\count80
\c@section=\count81
\c@subsection=\count82
\c@subsubsection=\count83
\c@paragraph=\count84
\c@subparagraph=\count85
\abovecaptionskip=\skip46
\belowcaptionskip=\skip47
\c@pti@nb@sid@b@x=\box26
\c@figure=\count86
\c@table=\count87
\bibindent=\dimen102
)
(s:/Apps/TeXstudioPlus portable/LaTeX portable/texlive portable/texmf-dist/tex/
latex/multirow/multirow.sty
\bigstrutjot=\dimen103
)
(s:/Apps/TeXstudioPlus portable/LaTeX portable/texlive portable/texmf-dist/tex/
latex/base/inputenc.sty
Package: inputenc 2008/03/30 v1.1d Input encoding file
\inpenc@prehook=\toks15
\inpenc@posthook=\toks16

(s:/Apps/TeXstudioPlus portable/LaTeX portable/texlive portable/texmf-dist/tex/
latex/base/utf8.def
File: utf8.def 2008/04/05 v1.1m UTF-8 support for inputenc
Now handling font encoding OML ...
... no UTF-8 mapping file for font encoding OML
Now handling font encoding T1 ...
... processing UTF-8 mapping file for font encoding T1

(s:/Apps/TeXstudioPlus portable/LaTeX portable/texlive portable/texmf-dist/tex/
latex/base/t1enc.dfu
File: t1enc.dfu 2008/04/05 v1.1m UTF-8 support for inputenc
   defining Unicode char U+00A1 (decimal 161)
   defining Unicode char U+00A3 (decimal 163)
   defining Unicode char U+00AB (decimal 171)
   defining Unicode char U+00BB (decimal 187)
   defining Unicode char U+00BF (decimal 191)
   defining Unicode char U+00C0 (decimal 192)
   defining Unicode char U+00C1 (decimal 193)
   defining Unicode char U+00C2 (decimal 194)
   defining Unicode char U+00C3 (decimal 195)
   defining Unicode char U+00C4 (decimal 196)
   defining Unicode char U+00C5 (decimal 197)
   defining Unicode char U+00C6 (decimal 198)
   defining Unicode char U+00C7 (decimal 199)
   defining Unicode char U+00C8 (decimal 200)
   defining Unicode char U+00C9 (decimal 201)
   defining Unicode char U+00CA (decimal 202)
   defining Unicode char U+00CB (decimal 203)
   defining Unicode char U+00CC (decimal 204)
   defining Unicode char U+00CD (decimal 205)
   defining Unicode char U+00CE (decimal 206)
   defining Unicode char U+00CF (decimal 207)
   defining Unicode char U+00D0 (decimal 208)
   defining Unicode char U+00D1 (decimal 209)
   defining Unicode char U+00D2 (decimal 210)
   defining Unicode char U+00D3 (decimal 211)
   defining Unicode char U+00D4 (decimal 212)
   defining Unicode char U+00D5 (decimal 213)
   defining Unicode char U+00D6 (decimal 214)
   defining Unicode char U+00D8 (decimal 216)
   defining Unicode char U+00D9 (decimal 217)
   defining Unicode char U+00DA (decimal 218)
   defining Unicode char U+00DB (decimal 219)
   defining Unicode char U+00DC (decimal 220)
   defining Unicode char U+00DD (decimal 221)
   defining Unicode char U+00DE (decimal 222)
   defining Unicode char U+00DF (decimal 223)
   defining Unicode char U+00E0 (decimal 224)
   defining Unicode char U+00E1 (decimal 225)
   defining Unicode char U+00E2 (decimal 226)
   defining Unicode char U+00E3 (decimal 227)
   defining Unicode char U+00E4 (decimal 228)
   defining Unicode char U+00E5 (decimal 229)
   defining Unicode char U+00E6 (decimal 230)
   defining Unicode char U+00E7 (decimal 231)
   defining Unicode char U+00E8 (decimal 232)
   defining Unicode char U+00E9 (decimal 233)
   defining Unicode char U+00EA (decimal 234)
   defining Unicode char U+00EB (decimal 235)
   defining Unicode char U+00EC (decimal 236)
   defining Unicode char U+00ED (decimal 237)
   defining Unicode char U+00EE (decimal 238)
   defining Unicode char U+00EF (decimal 239)
   defining Unicode char U+00F0 (decimal 240)
   defining Unicode char U+00F1 (decimal 241)
   defining Unicode char U+00F2 (decimal 242)
   defining Unicode char U+00F3 (decimal 243)
   defining Unicode char U+00F4 (decimal 244)
   defining Unicode char U+00F5 (decimal 245)
   defining Unicode char U+00F6 (decimal 246)
   defining Unicode char U+00F8 (decimal 248)
   defining Unicode char U+00F9 (decimal 249)
   defining Unicode char U+00FA (decimal 250)
   defining Unicode char U+00FB (decimal 251)
   defining Unicode char U+00FC (decimal 252)
   defining Unicode char U+00FD (decimal 253)
   defining Unicode char U+00FE (decimal 254)
   defining Unicode char U+00FF (decimal 255)
   defining Unicode char U+0102 (decimal 258)
   defining Unicode char U+0103 (decimal 259)
   defining Unicode char U+0104 (decimal 260)
   defining Unicode char U+0105 (decimal 261)
   defining Unicode char U+0106 (decimal 262)
   defining Unicode char U+0107 (decimal 263)
   defining Unicode char U+010C (decimal 268)
   defining Unicode char U+010D (decimal 269)
   defining Unicode char U+010E (decimal 270)
   defining Unicode char U+010F (decimal 271)
   defining Unicode char U+0110 (decimal 272)
   defining Unicode char U+0111 (decimal 273)
   defining Unicode char U+0118 (decimal 280)
   defining Unicode char U+0119 (decimal 281)
   defining Unicode char U+011A (decimal 282)
   defining Unicode char U+011B (decimal 283)
   defining Unicode char U+011E (decimal 286)
   defining Unicode char U+011F (decimal 287)
   defining Unicode char U+0130 (decimal 304)
   defining Unicode char U+0131 (decimal 305)
   defining Unicode char U+0132 (decimal 306)
   defining Unicode char U+0133 (decimal 307)
   defining Unicode char U+0139 (decimal 313)
   defining Unicode char U+013A (decimal 314)
   defining Unicode char U+013D (decimal 317)
   defining Unicode char U+013E (decimal 318)
   defining Unicode char U+0141 (decimal 321)
   defining Unicode char U+0142 (decimal 322)
   defining Unicode char U+0143 (decimal 323)
   defining Unicode char U+0144 (decimal 324)
   defining Unicode char U+0147 (decimal 327)
   defining Unicode char U+0148 (decimal 328)
   defining Unicode char U+014A (decimal 330)
   defining Unicode char U+014B (decimal 331)
   defining Unicode char U+0150 (decimal 336)
   defining Unicode char U+0151 (decimal 337)
   defining Unicode char U+0152 (decimal 338)
   defining Unicode char U+0153 (decimal 339)
   defining Unicode char U+0154 (decimal 340)
   defining Unicode char U+0155 (decimal 341)
   defining Unicode char U+0158 (decimal 344)
   defining Unicode char U+0159 (decimal 345)
   defining Unicode char U+015A (decimal 346)
   defining Unicode char U+015B (decimal 347)
   defining Unicode char U+015E (decimal 350)
   defining Unicode char U+015F (decimal 351)
   defining Unicode char U+0160 (decimal 352)
   defining Unicode char U+0161 (decimal 353)
   defining Unicode char U+0162 (decimal 354)
   defining Unicode char U+0163 (decimal 355)
   defining Unicode char U+0164 (decimal 356)
   defining Unicode char U+0165 (decimal 357)
   defining Unicode char U+016E (decimal 366)
   defining Unicode char U+016F (decimal 367)
   defining Unicode char U+0170 (decimal 368)
   defining Unicode char U+0171 (decimal 369)
   defining Unicode char U+0178 (decimal 376)
   defining Unicode char U+0179 (decimal 377)
   defining Unicode char U+017A (decimal 378)
   defining Unicode char U+017B (decimal 379)
   defining Unicode char U+017C (decimal 380)
   defining Unicode char U+017D (decimal 381)
   defining Unicode char U+017E (decimal 382)
   defining Unicode char U+200C (decimal 8204)
   defining Unicode char U+2013 (decimal 8211)
   defining Unicode char U+2014 (decimal 8212)
   defining Unicode char U+2018 (decimal 8216)
   defining Unicode char U+2019 (decimal 8217)
   defining Unicode char U+201A (decimal 8218)
   defining Unicode char U+201C (decimal 8220)
   defining Unicode char U+201D (decimal 8221)
   defining Unicode char U+201E (decimal 8222)
   defining Unicode char U+2030 (decimal 8240)
   defining Unicode char U+2031 (decimal 8241)
   defining Unicode char U+2039 (decimal 8249)
   defining Unicode char U+203A (decimal 8250)
   defining Unicode char U+2423 (decimal 9251)
)
Now handling font encoding OT1 ...
... processing UTF-8 mapping file for font encoding OT1

(s:/Apps/TeXstudioPlus portable/LaTeX portable/texlive portable/texmf-dist/tex/
latex/base/ot1enc.dfu
File: ot1enc.dfu 2008/04/05 v1.1m UTF-8 support for inputenc
   defining Unicode char U+00A1 (decimal 161)
   defining Unicode char U+00A3 (decimal 163)
   defining Unicode char U+00B8 (decimal 184)
   defining Unicode char U+00BF (decimal 191)
   defining Unicode char U+00C5 (decimal 197)
   defining Unicode char U+00C6 (decimal 198)
   defining Unicode char U+00D8 (decimal 216)
   defining Unicode char U+00DF (decimal 223)
   defining Unicode char U+00E6 (decimal 230)
   defining Unicode char U+00EC (decimal 236)
   defining Unicode char U+00ED (decimal 237)
   defining Unicode char U+00EE (decimal 238)
   defining Unicode char U+00EF (decimal 239)
   defining Unicode char U+00F8 (decimal 248)
   defining Unicode char U+0131 (decimal 305)
   defining Unicode char U+0141 (decimal 321)
   defining Unicode char U+0142 (decimal 322)
   defining Unicode char U+0152 (decimal 338)
   defining Unicode char U+0153 (decimal 339)
   defining Unicode char U+2013 (decimal 8211)
   defining Unicode char U+2014 (decimal 8212)
   defining Unicode char U+2018 (decimal 8216)
   defining Unicode char U+2019 (decimal 8217)
   defining Unicode char U+201C (decimal 8220)
   defining Unicode char U+201D (decimal 8221)
)
Now handling font encoding OMS ...
... processing UTF-8 mapping file for font encoding OMS

(s:/Apps/TeXstudioPlus portable/LaTeX portable/texlive portable/texmf-dist/tex/
latex/base/omsenc.dfu
File: omsenc.dfu 2008/04/05 v1.1m UTF-8 support for inputenc
   defining Unicode char U+00A7 (decimal 167)
   defining Unicode char U+00B6 (decimal 182)
   defining Unicode char U+00B7 (decimal 183)
   defining Unicode char U+2020 (decimal 8224)
   defining Unicode char U+2021 (decimal 8225)
   defining Unicode char U+2022 (decimal 8226)
)
Now handling font encoding OMX ...
... no UTF-8 mapping file for font encoding OMX
Now handling font encoding U ...
... no UTF-8 mapping file for font encoding U
   defining Unicode char U+00A9 (decimal 169)
   defining Unicode char U+00AA (decimal 170)
   defining Unicode char U+00AE (decimal 174)
   defining Unicode char U+00BA (decimal 186)
   defining Unicode char U+02C6 (decimal 710)
   defining Unicode char U+02DC (decimal 732)
   defining Unicode char U+200C (decimal 8204)
   defining Unicode char U+2026 (decimal 8230)
   defining Unicode char U+2122 (decimal 8482)
   defining Unicode char U+2423 (decimal 9251)
))
(s:/Apps/TeXstudioPlus portable/LaTeX portable/texlive portable/texmf-dist/tex/
latex/pdfpages/pdfpages.sty
Package: pdfpages 2013/08/25 v0.4v Insert pages of external PDF documents (AM)

(s:/Apps/TeXstudioPlus portable/LaTeX portable/texlive portable/texmf-dist/tex/
latex/base/ifthen.sty
Package: ifthen 2001/05/26 v1.1c Standard LaTeX ifthen package (DPC)
)
(s:/Apps/TeXstudioPlus portable/LaTeX portable/texlive portable/texmf-dist/tex/
latex/tools/calc.sty
Package: calc 2007/08/22 v4.3 Infix arithmetic (KKT,FJ)
\calc@Acount=\count88
\calc@Bcount=\count89
\calc@Adimen=\dimen104
\calc@Bdimen=\dimen105
\calc@Askip=\skip48
\calc@Bskip=\skip49
LaTeX Info: Redefining \setlength on input line 76.
LaTeX Info: Redefining \addtolength on input line 77.
\calc@Ccount=\count90
\calc@Cskip=\skip50
)
(s:/Apps/TeXstudioPlus portable/LaTeX portable/texlive portable/texmf-dist/tex/
latex/eso-pic/eso-pic.sty
Package: eso-pic 2013/10/06 v2.0d eso-pic (RN)

(s:/Apps/TeXstudioPlus portable/LaTeX portable/texlive portable/texmf-dist/tex/
generic/oberdiek/atbegshi.sty
Package: atbegshi 2011/10/05 v1.16 At begin shipout hook (HO)

(s:/Apps/TeXstudioPlus portable/LaTeX portable/texlive portable/texmf-dist/tex/
generic/oberdiek/infwarerr.sty
Package: infwarerr 2010/04/08 v1.3 Providing info/warning/error messages (HO)
)
(s:/Apps/TeXstudioPlus portable/LaTeX portable/texlive portable/texmf-dist/tex/
generic/oberdiek/ltxcmds.sty
Package: ltxcmds 2011/11/09 v1.22 LaTeX kernel commands for general use (HO)
)
(s:/Apps/TeXstudioPlus portable/LaTeX portable/texlive portable/texmf-dist/tex/
generic/oberdiek/ifpdf.sty
Package: ifpdf 2011/01/30 v2.3 Provides the ifpdf switch (HO)
Package ifpdf Info: pdfTeX in PDF mode is detected.
))
(s:/Apps/TeXstudioPlus portable/LaTeX portable/texlive portable/texmf-dist/tex/
latex/xcolor/xcolor.sty
Package: xcolor 2007/01/21 v2.11 LaTeX color extensions (UK)

(s:/Apps/TeXstudioPlus portable/LaTeX portable/texlive portable/texmf-dist/tex/
latex/latexconfig/color.cfg
File: color.cfg 2007/01/18 v1.5 color configuration of teTeX/TeXLive
)
Package xcolor Info: Driver file: pdftex.def on input line 225.

(s:/Apps/TeXstudioPlus portable/LaTeX portable/texlive portable/texmf-dist/tex/
latex/pdftex-def/pdftex.def
File: pdftex.def 2011/05/27 v0.06d Graphics/color for pdfTeX
\Gread@gobject=\count91
)
Package xcolor Info: Model `cmy' substituted by `cmy0' on input line 1337.
Package xcolor Info: Model `hsb' substituted by `rgb' on input line 1341.
Package xcolor Info: Model `RGB' extended on input line 1353.
Package xcolor Info: Model `HTML' substituted by `rgb' on input line 1355.
Package xcolor Info: Model `Hsb' substituted by `hsb' on input line 1356.
Package xcolor Info: Model `tHsb' substituted by `hsb' on input line 1357.
Package xcolor Info: Model `HSB' substituted by `hsb' on input line 1358.
Package xcolor Info: Model `Gray' substituted by `gray' on input line 1359.
Package xcolor Info: Model `wave' substituted by `hsb' on input line 1360.
))
(s:/Apps/TeXstudioPlus portable/LaTeX portable/texlive portable/texmf-dist/tex/
latex/graphics/graphicx.sty
Package: graphicx 1999/02/16 v1.0f Enhanced LaTeX Graphics (DPC,SPQR)

(s:/Apps/TeXstudioPlus portable/LaTeX portable/texlive portable/texmf-dist/tex/
latex/graphics/graphics.sty
Package: graphics 2009/02/05 v1.0o Standard LaTeX Graphics (DPC,SPQR)

(s:/Apps/TeXstudioPlus portable/LaTeX portable/texlive portable/texmf-dist/tex/
latex/graphics/trig.sty
Package: trig 1999/03/16 v1.09 sin cos tan (DPC)
)
(s:/Apps/TeXstudioPlus portable/LaTeX portable/texlive portable/texmf-dist/tex/
latex/latexconfig/graphics.cfg
File: graphics.cfg 2010/04/23 v1.9 graphics configuration of TeX Live
)
Package graphics Info: Driver file: pdftex.def on input line 91.
)
\Gin@req@height=\dimen106
\Gin@req@width=\dimen107
)
(s:/Apps/TeXstudioPlus portable/LaTeX portable/texlive portable/texmf-dist/tex/
latex/pdfpages/pppdftex.def
File: pppdftex.def 2013/08/25 v0.4v Pdfpages driver for pdfTeX (AM)
)
\AM@pagebox=\box27
\AM@toc@title=\toks17
\c@AM@survey=\count92
\AM@templatesizebox=\box28
)

Class scrartcl Warning: Usage of package `fancyhdr' together
(scrartcl)              with a KOMA-Script class is not recommended.
(scrartcl)              I'd suggest to use 
(scrartcl)              package `scrpage2' or `scrlayer-scrpage'.
(scrartcl)              Nevertheless, using requested
(scrartcl)              package `fancyhdr' on input line 10.


(s:/Apps/TeXstudioPlus portable/LaTeX portable/texlive portable/texmf-dist/tex/
latex/fancyhdr/fancyhdr.sty
\fancy@headwidth=\skip51
\f@ncyO@elh=\skip52
\f@ncyO@erh=\skip53
\f@ncyO@olh=\skip54
\f@ncyO@orh=\skip55
\f@ncyO@elf=\skip56
\f@ncyO@erf=\skip57
\f@ncyO@olf=\skip58
\f@ncyO@orf=\skip59
)
(s:/Apps/TeXstudioPlus portable/LaTeX portable/texlive portable/texmf-dist/tex/
latex/moreverb/moreverb.sty
Package: moreverb 2008/06/03 v2.3a `more' verbatim facilities

(s:/Apps/TeXstudioPlus portable/LaTeX portable/texlive portable/texmf-dist/tex/
latex/tools/verbatim.sty
Package: verbatim 2003/08/22 v1.5q LaTeX2e package for verbatim enhancements
\every@verbatim=\toks18
\verbatim@line=\toks19
\verbatim@in@stream=\read1
)
\tab@position=\count93
\tab@size=\count94
\listing@line=\count95
)
(s:/Apps/TeXstudioPlus portable/LaTeX portable/texlive portable/texmf-dist/tex/
latex/stmaryrd/stmaryrd.sty
Package: stmaryrd 1994/03/03 St Mary's Road symbol package
\symstmry=\mathgroup4
LaTeX Font Info:    Overwriting symbol font `stmry' in version `bold'
(Font)                  U/stmry/m/n --> U/stmry/b/n on input line 89.
)
(s:/Apps/TeXstudioPlus portable/LaTeX portable/texlive portable/texmf-dist/tex/
latex/float/float.sty
Package: float 2001/11/08 v1.3d Float enhancements (AL)
\c@float@type=\count96
\float@exts=\toks20
\float@box=\box29
\@float@everytoks=\toks21
\@floatcapt=\box30
)
(s:/Apps/TeXstudioPlus portable/LaTeX portable/texlive portable/texmf-dist/tex/
latex/url/url.sty
\Urlmuskip=\muskip10
Package: url 2013/09/16  ver 3.4  Verb mode for urls, etc.
)
(s:/Apps/TeXstudioPlus portable/LaTeX portable/texlive portable/texmf-dist/tex/
latex/oberdiek/pdflscape.sty
Package: pdflscape 2008/08/11 v0.10 Display of landscape pages in PDF (HO)

(s:/Apps/TeXstudioPlus portable/LaTeX portable/texlive portable/texmf-dist/tex/
latex/graphics/lscape.sty
Package: lscape 2000/10/22 v3.01 Landscape Pages (DPC)
)
Package pdflscape Info: Auto-detected driver: pdftex on input line 80.

(s:/Apps/TeXstudioPlus portable/LaTeX portable/texlive portable/texmf-dist/tex/
generic/ifxetex/ifxetex.sty
Package: ifxetex 2010/09/12 v0.6 Provides ifxetex conditional
))
(s:/Apps/TeXstudioPlus portable/LaTeX portable/texlive portable/texmf-dist/tex/
latex/tools/varioref.sty
Package: varioref 2011/10/02 v1.4z package for extended references (FMi)
\c@vrcnt=\count97
)
(s:/Apps/TeXstudioPlus portable/LaTeX portable/texlive portable/texmf-dist/tex/
generic/babel/babel.sty
Package: babel 2014/03/24 3.9k The Babel package

(s:/Apps/TeXstudioPlus portable/LaTeX portable/texlive portable/texmf-dist/tex/
generic/babel-german/ngerman.ldf
Language: ngerman 2013/12/13 v2.7 German support for babel (new orthography)

(s:/Apps/TeXstudioPlus portable/LaTeX portable/texlive portable/texmf-dist/tex/
generic/babel-german/ngermanb.ldf
Language: ngermanb 2013/12/13 v2.7 German support for babel (new orthography)

(s:/Apps/TeXstudioPlus portable/LaTeX portable/texlive portable/texmf-dist/tex/
generic/babel/babel.def
File: babel.def 2014/03/24 3.9k Babel common definitions
\babel@savecnt=\count98
\U@D=\dimen108
)
\l@naustrian = a dialect from \language\l@ngerman 
\l@nswissgerman = a dialect from \language\l@ngerman 
Package babel Info: Making " an active character on input line 88.
)))
(s:/Apps/TeXstudioPlus portable/LaTeX portable/texlive portable/texmf-dist/tex/
generic/german/ngerman.sty v2.5e 1998-07-08
Package: ngerman 1998/07/08 v2.5e Support for writing german texts (br)
\grmnU@D=\dimen109
LaTeX Info: Redefining \glqq on input line 255.
LaTeX Info: Redefining \glq on input line 268.
LaTeX Info: Redefining \flqq on input line 281.
LaTeX Info: Redefining \frqq on input line 289.
LaTeX Info: Redefining \flq on input line 297.
LaTeX Info: Redefining \frq on input line 304.
)
(s:/Apps/TeXstudioPlus portable/LaTeX portable/texlive portable/texmf-dist/tex/
latex/germbib/bibgerm.sty
Package: bibgerm 2000/08/18 v0.1 Support for mixed language bibliographies

** Macros for german `BibTeX'ing added to Style Option `german' 20 Apr 1993 **
** idea and languages `german' and `USenglish' implemented by M. Wallmeier **
** Modified for LaTeX 2e and german.sty 2.5b by A. Scherer 1 Nov 1995 **
** Modified for ngerman.sty and babel.sty by H. Harders 21 August 2000 **)
(s:/Apps/TeXstudioPlus portable/LaTeX portable/texlive portable/texmf-dist/tex/
latex/tools/tabularx.sty
Package: tabularx 1999/01/07 v2.07 `tabularx' package (DPC)

(s:/Apps/TeXstudioPlus portable/LaTeX portable/texlive portable/texmf-dist/tex/
latex/tools/array.sty
Package: array 2008/09/09 v2.4c Tabular extension package (FMi)
\col@sep=\dimen110
\extrarowheight=\dimen111
\NC@list=\toks22
\extratabsurround=\skip60
\backup@length=\skip61
)
\TX@col@width=\dimen112
\TX@old@table=\dimen113
\TX@old@col=\dimen114
\TX@target=\dimen115
\TX@delta=\dimen116
\TX@cols=\count99
\TX@ftn=\toks23
)
(s:/Apps/TeXstudioPlus portable/LaTeX portable/texlive portable/texmf-dist/tex/
latex/supertabular/supertabular.sty
Package: supertabular 2004/02/20 v4.1e the supertabular environment
\c@tracingst=\count100
\ST@wd=\dimen117
\ST@rightskip=\skip62
\ST@leftskip=\skip63
\ST@parfillskip=\skip64
\ST@pageleft=\dimen118
\ST@headht=\dimen119
\ST@tailht=\dimen120
\ST@pagesofar=\dimen121
\ST@pboxht=\dimen122
\ST@lineht=\dimen123
\ST@stretchht=\dimen124
\ST@prevht=\dimen125
\ST@toadd=\dimen126
\ST@dimen=\dimen127
\ST@pbox=\box31
)
(s:/Apps/TeXstudioPlus portable/LaTeX portable/texlive portable/texmf-dist/tex/
latex/hyperref/hyperref.sty
Package: hyperref 2012/11/06 v6.83m Hypertext links for LaTeX

(s:/Apps/TeXstudioPlus portable/LaTeX portable/texlive portable/texmf-dist/tex/
generic/oberdiek/hobsub-hyperref.sty
Package: hobsub-hyperref 2012/05/28 v1.13 Bundle oberdiek, subset hyperref (HO)


(s:/Apps/TeXstudioPlus portable/LaTeX portable/texlive portable/texmf-dist/tex/
generic/oberdiek/hobsub-generic.sty
Package: hobsub-generic 2012/05/28 v1.13 Bundle oberdiek, subset generic (HO)
Package: hobsub 2012/05/28 v1.13 Construct package bundles (HO)
Package hobsub Info: Skipping package `infwarerr' (already loaded).
Package hobsub Info: Skipping package `ltxcmds' (already loaded).
Package: ifluatex 2010/03/01 v1.3 Provides the ifluatex switch (HO)
Package ifluatex Info: LuaTeX not detected.
Package: ifvtex 2010/03/01 v1.5 Detect VTeX and its facilities (HO)
Package ifvtex Info: VTeX not detected.
Package: intcalc 2007/09/27 v1.1 Expandable calculations with integers (HO)
Package hobsub Info: Skipping package `ifpdf' (already loaded).
Package: etexcmds 2011/02/16 v1.5 Avoid name clashes with e-TeX commands (HO)
Package etexcmds Info: Could not find \expanded.
(etexcmds)             That can mean that you are not using pdfTeX 1.50 or
(etexcmds)             that some package has redefined \expanded.
(etexcmds)             In the latter case, load this package earlier.
Package: kvsetkeys 2012/04/25 v1.16 Key value parser (HO)
Package: kvdefinekeys 2011/04/07 v1.3 Define keys (HO)
Package: pdftexcmds 2011/11/29 v0.20 Utility functions of pdfTeX for LuaTeX (HO
)
Package pdftexcmds Info: LuaTeX not detected.
Package pdftexcmds Info: \pdf@primitive is available.
Package pdftexcmds Info: \pdf@ifprimitive is available.
Package pdftexcmds Info: \pdfdraftmode found.
Package: pdfescape 2011/11/25 v1.13 Implements pdfTeX's escape features (HO)
Package: bigintcalc 2012/04/08 v1.3 Expandable calculations on big integers (HO
)
Package: bitset 2011/01/30 v1.1 Handle bit-vector datatype (HO)
Package: uniquecounter 2011/01/30 v1.2 Provide unlimited unique counter (HO)
)
Package hobsub Info: Skipping package `hobsub' (already loaded).
Package: letltxmacro 2010/09/02 v1.4 Let assignment for LaTeX macros (HO)
Package: hopatch 2012/05/28 v1.2 Wrapper for package hooks (HO)
Package: xcolor-patch 2011/01/30 xcolor patch
Package: atveryend 2011/06/30 v1.8 Hooks at the very end of document (HO)
Package atveryend Info: \enddocument detected (standard20110627).
Package hobsub Info: Skipping package `atbegshi' (already loaded).
Package: refcount 2011/10/16 v3.4 Data extraction from label references (HO)
Package: hycolor 2011/01/30 v1.7 Color options for hyperref/bookmark (HO)
)
(s:/Apps/TeXstudioPlus portable/LaTeX portable/texlive portable/texmf-dist/tex/
latex/oberdiek/auxhook.sty
Package: auxhook 2011/03/04 v1.3 Hooks for auxiliary files (HO)
)
(s:/Apps/TeXstudioPlus portable/LaTeX portable/texlive portable/texmf-dist/tex/
latex/oberdiek/kvoptions.sty
Package: kvoptions 2011/06/30 v3.11 Key value format for package options (HO)
)
\@linkdim=\dimen128
\Hy@linkcounter=\count101
\Hy@pagecounter=\count102

(s:/Apps/TeXstudioPlus portable/LaTeX portable/texlive portable/texmf-dist/tex/
latex/hyperref/pd1enc.def
File: pd1enc.def 2012/11/06 v6.83m Hyperref: PDFDocEncoding definition (HO)
Now handling font encoding PD1 ...
... no UTF-8 mapping file for font encoding PD1
)
\Hy@SavedSpaceFactor=\count103

(s:/Apps/TeXstudioPlus portable/LaTeX portable/texlive portable/texmf-dist/tex/
latex/latexconfig/hyperref.cfg
File: hyperref.cfg 2002/06/06 v1.2 hyperref configuration of TeXLive
)
Package hyperref Info: Option `colorlinks' set `true' on input line 4319.
Package hyperref Info: Option `hyperfigures' set `true' on input line 4319.


Package hyperref Warning: Unexpected value for option `pdftex'
(hyperref)                is ignored on input line 4319.

Package hyperref Info: Hyper figures ON on input line 4441.
Package hyperref Info: Link nesting OFF on input line 4448.
Package hyperref Info: Hyper index ON on input line 4451.
Package hyperref Info: Plain pages OFF on input line 4458.
Package hyperref Info: Backreferencing OFF on input line 4463.
Package hyperref Info: Implicit mode ON; LaTeX internals redefined.
Package hyperref Info: Bookmarks ON on input line 4688.
\c@Hy@tempcnt=\count104
LaTeX Info: Redefining \url on input line 5041.
\XeTeXLinkMargin=\dimen129
\Fld@menulength=\count105
\Field@Width=\dimen130
\Fld@charsize=\dimen131
Package hyperref Info: Hyper figures ON on input line 6293.
Package hyperref Info: Link nesting OFF on input line 6300.
Package hyperref Info: Hyper index ON on input line 6303.
Package hyperref Info: backreferencing OFF on input line 6310.
Package hyperref Info: Link coloring ON on input line 6313.
Package hyperref Info: Link coloring with OCG OFF on input line 6320.
Package hyperref Info: PDF/A mode OFF on input line 6325.
LaTeX Info: Redefining \ref on input line 6365.
LaTeX Info: Redefining \pageref on input line 6369.
\Hy@abspage=\count106
\c@Item=\count107
\c@Hfootnote=\count108
)

Package hyperref Message: Driver: hpdftex.


(s:/Apps/TeXstudioPlus portable/LaTeX portable/texlive portable/texmf-dist/tex/
latex/hyperref/hpdftex.def
File: hpdftex.def 2012/11/06 v6.83m Hyperref driver for pdfTeX
\Fld@listcount=\count109
\c@bookmark@seq@number=\count110

(s:/Apps/TeXstudioPlus portable/LaTeX portable/texlive portable/texmf-dist/tex/
latex/oberdiek/rerunfilecheck.sty
Package: rerunfilecheck 2011/04/15 v1.7 Rerun checks for auxiliary files (HO)
Package uniquecounter Info: New unique counter `rerunfilecheck' on input line 2
82.
)
\Hy@SectionHShift=\skip65
)
(s:/Apps/TeXstudioPlus portable/LaTeX portable/texlive portable/texmf-dist/tex/
latex/oberdiek/bookmark.sty
Package: bookmark 2011/12/02 v1.24 PDF bookmarks (HO)

(s:/Apps/TeXstudioPlus portable/LaTeX portable/texlive portable/texmf-dist/tex/
latex/oberdiek/bkm-pdftex.def
File: bkm-pdftex.def 2011/12/02 v1.24 bookmark driver for pdfTeX (HO)
\BKM@id=\count111
))
(s:/Apps/TeXstudioPlus portable/LaTeX portable/texlive portable/texmf-dist/tex/
latex/listings/listings.sty
\lst@mode=\count112
\lst@gtempboxa=\box32
\lst@token=\toks24
\lst@length=\count113
\lst@currlwidth=\dimen132
\lst@column=\count114
\lst@pos=\count115
\lst@lostspace=\dimen133
\lst@width=\dimen134
\lst@newlines=\count116
\lst@lineno=\count117
\lst@maxwidth=\dimen135

(s:/Apps/TeXstudioPlus portable/LaTeX portable/texlive portable/texmf-dist/tex/
latex/listings/lstmisc.sty
File: lstmisc.sty 2014/03/04 1.5c (Carsten Heinz)
\c@lstnumber=\count118
\lst@skipnumbers=\count119
\lst@framebox=\box33
)
(s:/Apps/TeXstudioPlus portable/LaTeX portable/texlive portable/texmf-dist/tex/
latex/listings/listings.cfg
File: listings.cfg 2014/03/04 1.5c listings configuration
))
Package: listings 2014/03/04 1.5c (Carsten Heinz)

(s:/Apps/TeXstudioPlus portable/LaTeX portable/texlive portable/texmf-dist/tex/
latex/l3packages/xparse/xparse.sty
(s:/Apps/TeXstudioPlus portable/LaTeX portable/texlive portable/texmf-dist/tex/
latex/l3kernel/expl3.sty
(s:/Apps/TeXstudioPlus portable/LaTeX portable/texlive portable/texmf-dist/tex/
latex/l3kernel/l3names.sty
(s:/Apps/TeXstudioPlus portable/LaTeX portable/texlive portable/texmf-dist/tex/
latex/l3kernel/l3bootstrap.sty
Package: l3bootstrap 2014/01/04 v4640 L3 Experimental bootstrap code
)
Package: l3names 2014/01/04 v4640 L3 Namespace for primitives
)
(s:/Apps/TeXstudioPlus portable/LaTeX portable/texlive portable/texmf-dist/tex/
latex/etex-pkg/etex.sty
Package: etex 1998/03/26 v2.0 eTeX basic definition package (PEB)
\et@xins=\count120
)
Package: expl3 2014/01/07 v4646 L3 Experimental code bundle wrapper

(s:/Apps/TeXstudioPlus portable/LaTeX portable/texlive portable/texmf-dist/tex/
latex/l3kernel/l3basics.sty
Package: l3basics 2014/01/04 v4642 L3 Basic definitions
)
(s:/Apps/TeXstudioPlus portable/LaTeX portable/texlive portable/texmf-dist/tex/
latex/l3kernel/l3expan.sty
Package: l3expan 2014/01/04 v4642 L3 Argument expansion
)
(s:/Apps/TeXstudioPlus portable/LaTeX portable/texlive portable/texmf-dist/tex/
latex/l3kernel/l3tl.sty
Package: l3tl 2013/12/27 v4625 L3 Token lists
)
(s:/Apps/TeXstudioPlus portable/LaTeX portable/texlive portable/texmf-dist/tex/
latex/l3kernel/l3seq.sty
Package: l3seq 2013/12/14 v4623 L3 Sequences and stacks
)
(s:/Apps/TeXstudioPlus portable/LaTeX portable/texlive portable/texmf-dist/tex/
latex/l3kernel/l3int.sty
Package: l3int 2013/08/02 v4583 L3 Integers
\c_max_int=\count121
\l_tmpa_int=\count122
\l_tmpb_int=\count123
\g_tmpa_int=\count124
\g_tmpb_int=\count125
)
(s:/Apps/TeXstudioPlus portable/LaTeX portable/texlive portable/texmf-dist/tex/
latex/l3kernel/l3quark.sty
Package: l3quark 2013/12/14 v4623 L3 Quarks
)
(s:/Apps/TeXstudioPlus portable/LaTeX portable/texlive portable/texmf-dist/tex/
latex/l3kernel/l3prg.sty
Package: l3prg 2014/01/04 v4642 L3 Control structures
\g__prg_map_int=\count126
)
(s:/Apps/TeXstudioPlus portable/LaTeX portable/texlive portable/texmf-dist/tex/
latex/l3kernel/l3clist.sty
Package: l3clist 2013/07/28 v4581 L3 Comma separated lists
)
(s:/Apps/TeXstudioPlus portable/LaTeX portable/texlive portable/texmf-dist/tex/
latex/l3kernel/l3token.sty
Package: l3token 2013/08/25 v4587 L3 Experimental token manipulation
)
(s:/Apps/TeXstudioPlus portable/LaTeX portable/texlive portable/texmf-dist/tex/
latex/l3kernel/l3prop.sty
Package: l3prop 2013/12/14 v4623 L3 Property lists
)
(s:/Apps/TeXstudioPlus portable/LaTeX portable/texlive portable/texmf-dist/tex/
latex/l3kernel/l3msg.sty
Package: l3msg 2013/07/28 v4581 L3 Messages
)
(s:/Apps/TeXstudioPlus portable/LaTeX portable/texlive portable/texmf-dist/tex/
latex/l3kernel/l3file.sty
Package: l3file 2013/10/13 v4596 L3 File and I/O operations
\l_iow_line_count_int=\count127
\l__iow_target_count_int=\count128
\l__iow_current_line_int=\count129
\l__iow_current_word_int=\count130
\l__iow_current_indentation_int=\count131
)
(s:/Apps/TeXstudioPlus portable/LaTeX portable/texlive portable/texmf-dist/tex/
latex/l3kernel/l3skip.sty
Package: l3skip 2013/07/28 v4581 L3 Dimensions and skips
\c_zero_dim=\dimen136
\c_max_dim=\dimen137
\l_tmpa_dim=\dimen138
\l_tmpb_dim=\dimen139
\g_tmpa_dim=\dimen140
\g_tmpb_dim=\dimen141
\c_zero_skip=\skip66
\c_max_skip=\skip67
\l_tmpa_skip=\skip68
\l_tmpb_skip=\skip69
\g_tmpa_skip=\skip70
\g_tmpb_skip=\skip71
\c_zero_muskip=\muskip11
\c_max_muskip=\muskip12
\l_tmpa_muskip=\muskip13
\l_tmpb_muskip=\muskip14
\g_tmpa_muskip=\muskip15
\g_tmpb_muskip=\muskip16
)
(s:/Apps/TeXstudioPlus portable/LaTeX portable/texlive portable/texmf-dist/tex/
latex/l3kernel/l3keys.sty
Package: l3keys 2013/12/08 v4614 L3 Experimental key-value interfaces
\g__keyval_level_int=\count132
\l_keys_choice_int=\count133
)
(s:/Apps/TeXstudioPlus portable/LaTeX portable/texlive portable/texmf-dist/tex/
latex/l3kernel/l3fp.sty
Package: l3fp 2014/01/04 v4642 L3 Floating points
\c__fp_leading_shift_int=\count134
\c__fp_middle_shift_int=\count135
\c__fp_trailing_shift_int=\count136
\c__fp_big_leading_shift_int=\count137
\c__fp_big_middle_shift_int=\count138
\c__fp_big_trailing_shift_int=\count139
\c__fp_Bigg_leading_shift_int=\count140
\c__fp_Bigg_middle_shift_int=\count141
\c__fp_Bigg_trailing_shift_int=\count142
)
(s:/Apps/TeXstudioPlus portable/LaTeX portable/texlive portable/texmf-dist/tex/
latex/l3kernel/l3box.sty
Package: l3box 2013/07/28 v4581 L3 Experimental boxes
\c_empty_box=\box34
\l_tmpa_box=\box35
\l_tmpb_box=\box36
\g_tmpa_box=\box37
\g_tmpb_box=\box38
)
(s:/Apps/TeXstudioPlus portable/LaTeX portable/texlive portable/texmf-dist/tex/
latex/l3kernel/l3coffins.sty
Package: l3coffins 2013/12/14 v4624 L3 Coffin code layer
\l__coffin_internal_box=\box39
\l__coffin_internal_dim=\dimen142
\l__coffin_offset_x_dim=\dimen143
\l__coffin_offset_y_dim=\dimen144
\l__coffin_x_dim=\dimen145
\l__coffin_y_dim=\dimen146
\l__coffin_x_prime_dim=\dimen147
\l__coffin_y_prime_dim=\dimen148
\c_empty_coffin=\box40
\l__coffin_aligned_coffin=\box41
\l__coffin_aligned_internal_coffin=\box42
\l_tmpa_coffin=\box43
\l_tmpb_coffin=\box44
\l__coffin_display_coffin=\box45
\l__coffin_display_coord_coffin=\box46
\l__coffin_display_pole_coffin=\box47
\l__coffin_display_offset_dim=\dimen149
\l__coffin_display_x_dim=\dimen150
\l__coffin_display_y_dim=\dimen151
)
(s:/Apps/TeXstudioPlus portable/LaTeX portable/texlive portable/texmf-dist/tex/
latex/l3kernel/l3color.sty
Package: l3color 2012/08/29 v4156 L3 Experimental color support
)
(s:/Apps/TeXstudioPlus portable/LaTeX portable/texlive portable/texmf-dist/tex/
latex/l3kernel/l3luatex.sty
Package: l3luatex 2013/07/28 v4581 L3 Experimental LuaTeX-specific functions
\g__cctab_allocate_int=\count143
\g__cctab_stack_int=\count144
)
(s:/Apps/TeXstudioPlus portable/LaTeX portable/texlive portable/texmf-dist/tex/
latex/l3kernel/l3candidates.sty
Package: l3candidates 2014/01/06 v4643 L3 Experimental additions to l3kernel
\l__box_top_dim=\dimen152
\l__box_bottom_dim=\dimen153
\l__box_left_dim=\dimen154
\l__box_right_dim=\dimen155
\l__box_top_new_dim=\dimen156
\l__box_bottom_new_dim=\dimen157
\l__box_left_new_dim=\dimen158
\l__box_right_new_dim=\dimen159
\l__box_internal_box=\box48
\l__coffin_bounding_shift_dim=\dimen160
\l__coffin_left_corner_dim=\dimen161
\l__coffin_right_corner_dim=\dimen162
\l__coffin_bottom_corner_dim=\dimen163
\l__coffin_top_corner_dim=\dimen164
\l__coffin_scaled_total_height_dim=\dimen165
\l__coffin_scaled_width_dim=\dimen166
))
Package: xparse 2013/12/31 v4634 L3 Experimental document command parser
\l__xparse_current_arg_int=\count145
\l__xparse_m_args_int=\count146
\l__xparse_mandatory_args_int=\count147
\l__xparse_processor_int=\count148
\l__xparse_v_nesting_int=\count149
)
(s:/Apps/TeXstudioPlus portable/LaTeX portable/texlive portable/texmf-dist/tex/
latex/tools/xspace.sty
Package: xspace 2009/10/20 v1.13 Space after command names (DPC,MH)
) (./Projektplan-ChronoX.aux)
\openout1 = `Projektplan-ChronoX.aux'.

LaTeX Font Info:    Checking defaults for OML/cmm/m/it on input line 103.
LaTeX Font Info:    ... okay on input line 103.
LaTeX Font Info:    Checking defaults for T1/cmr/m/n on input line 103.
LaTeX Font Info:    ... okay on input line 103.
LaTeX Font Info:    Checking defaults for OT1/cmr/m/n on input line 103.
LaTeX Font Info:    ... okay on input line 103.
LaTeX Font Info:    Checking defaults for OMS/cmsy/m/n on input line 103.
LaTeX Font Info:    ... okay on input line 103.
LaTeX Font Info:    Checking defaults for OMX/cmex/m/n on input line 103.
LaTeX Font Info:    ... okay on input line 103.
LaTeX Font Info:    Checking defaults for U/cmr/m/n on input line 103.
LaTeX Font Info:    ... okay on input line 103.
LaTeX Font Info:    Checking defaults for PD1/pdf/m/n on input line 103.
LaTeX Font Info:    ... okay on input line 103.
\AtBeginShipoutBox=\box49

(s:/Apps/TeXstudioPlus portable/LaTeX portable/texlive portable/texmf-dist/tex/
context/base/supp-pdf.mkii
[Loading MPS to PDF converter (version 2006.09.02).]
\scratchcounter=\count150
\scratchdimen=\dimen167
\scratchbox=\box50
\nofMPsegments=\count151
\nofMParguments=\count152
\everyMPshowfont=\toks25
\MPscratchCnt=\count153
\MPscratchDim=\dimen168
\MPnumerator=\count154
\makeMPintoPDFobject=\count155
\everyMPtoPDFconversion=\toks26
)
(s:/Apps/TeXstudioPlus portable/LaTeX portable/texlive portable/texmf-dist/tex/
latex/oberdiek/epstopdf-base.sty
Package: epstopdf-base 2010/02/09 v2.5 Base part for package epstopdf

(s:/Apps/TeXstudioPlus portable/LaTeX portable/texlive portable/texmf-dist/tex/
latex/oberdiek/grfext.sty
Package: grfext 2010/08/19 v1.1 Manage graphics extensions (HO)
)
Package grfext Info: Graphics extension search list:
(grfext)             [.png,.pdf,.jpg,.mps,.jpeg,.jbig2,.jb2,.PNG,.PDF,.JPG,.JPE
G,.JBIG2,.JB2,.eps]
(grfext)             \AppendGraphicsExtensions on input line 452.

(s:/Apps/TeXstudioPlus portable/LaTeX portable/texlive portable/texmf-dist/tex/
latex/latexconfig/epstopdf-sys.cfg
File: epstopdf-sys.cfg 2010/07/13 v1.3 Configuration of (r)epstopdf for TeX Liv
e
))

bibgerm.sty: (n)german.sty 2.5b detected

Package hyperref Info: Link coloring ON on input line 103.

(s:/Apps/TeXstudioPlus portable/LaTeX portable/texlive portable/texmf-dist/tex/
latex/hyperref/nameref.sty
Package: nameref 2012/10/27 v2.43 Cross-referencing by name of section

(s:/Apps/TeXstudioPlus portable/LaTeX portable/texlive portable/texmf-dist/tex/
generic/oberdiek/gettitlestring.sty
Package: gettitlestring 2010/12/03 v1.4 Cleanup title references (HO)
)
\c@section@level=\count156
LaTeX Info: Redefining \Ref on input line 513.
)
LaTeX Info: Redefining \ref on input line 103.
LaTeX Info: Redefining \pageref on input line 103.
LaTeX Info: Redefining \nameref on input line 103.
LaTeX Info: Redefining \Ref on input line 103.
\c@lstlisting=\count157


Class scrartcl Warning: Usage of deprecated font command `\bf'!
(scrartcl)              You should note, that in 1994 font command `\bf' has
(scrartcl)              been defined for compatiblitiy to Script 2.0 only.
(scrartcl)              Now, after two decades of LaTeX2e and NFSS2, you
(scrartcl)              shouldn't use such commands any longer and within
(scrartcl)              KOMA-Script usage of `\bf' is definitely deprecated.
(scrartcl)              See `fntguide.pdf' for more information about
(scrartcl)              recommended font commands.
(scrartcl)              Note also, that KOMA-Script will remove the definition
(scrartcl)              of `\bf' anytime until release of about version 3.20.
(scrartcl)              But for now, KOMA-Script will replace deprecated `\bf'
(scrartcl)              by `\normalfont \bfseries ' on input line 117.

LaTeX Font Info:    External font `cmex10' loaded for size
(Font)              <12> on input line 125.
LaTeX Font Info:    External font `cmex10' loaded for size
(Font)              <8> on input line 125.
LaTeX Font Info:    External font `cmex10' loaded for size
(Font)              <6> on input line 125.
LaTeX Font Info:    Try loading font information for U+stmry on input line 125.


(s:/Apps/TeXstudioPlus portable/LaTeX portable/texlive portable/texmf-dist/tex/
latex/stmaryrd/ustmry.fd)

Class scrartcl Warning: Usage of deprecated font command `\bf'!
(scrartcl)              You should note, that in 1994 font command `\bf' has
(scrartcl)              been defined for compatiblitiy to Script 2.0 only.
(scrartcl)              Now, after two decades of LaTeX2e and NFSS2, you
(scrartcl)              shouldn't use such commands any longer and within
(scrartcl)              KOMA-Script usage of `\bf' is definitely deprecated.
(scrartcl)              See `fntguide.pdf' for more information about
(scrartcl)              recommended font commands.
(scrartcl)              Note also, that KOMA-Script will remove the definition
(scrartcl)              of `\bf' anytime until release of about version 3.20.
(scrartcl)              But for now, KOMA-Script will replace deprecated `\bf'
(scrartcl)              by `\normalfont \bfseries ' on input line 129.


Class scrartcl Warning: Usage of deprecated font command `\sf'!
(scrartcl)              You should note, that in 1994 font command `\sf' has
(scrartcl)              been defined for compatiblitiy to Script 2.0 only.
(scrartcl)              Now, after two decades of LaTeX2e and NFSS2, you
(scrartcl)              shouldn't use such commands any longer and within
(scrartcl)              KOMA-Script usage of `\sf' is definitely deprecated.
(scrartcl)              See `fntguide.pdf' for more information about
(scrartcl)              recommended font commands.
(scrartcl)              Note also, that KOMA-Script will remove the definition
(scrartcl)              of `\sf' anytime until release of about version 3.20.
(scrartcl)              But for now, KOMA-Script will replace deprecated `\sf'
(scrartcl)              by `\normalfont \sffamily ' on input line 139.


Class scrartcl Warning: Usage of deprecated font command `\it'!
(scrartcl)              You should note, that in 1994 font command `\it' has
(scrartcl)              been defined for compatiblitiy to Script 2.0 only.
(scrartcl)              Now, after two decades of LaTeX2e and NFSS2, you
(scrartcl)              shouldn't use such commands any longer and within
(scrartcl)              KOMA-Script usage of `\it' is definitely deprecated.
(scrartcl)              See `fntguide.pdf' for more information about
(scrartcl)              recommended font commands.
(scrartcl)              Note also, that KOMA-Script will remove the definition
(scrartcl)              of `\it' anytime until release of about version 3.20.
(scrartcl)              But for now, KOMA-Script will replace deprecated `\it'
(scrartcl)              by `\normalfont \itshape ' on input line 148.

[1{s:/Apps/TeXstudioPlus portable/LaTeX portable/texlive portable/texmf-var/fon
ts/map/pdftex/updmap/pdftex.map}

] (./Projektplan-ChronoX.toc
Underfull \vbox (badness 1603) has occurred while \output is active []

 [2])
\tf@toc=\write3
\openout3 = `Projektplan-ChronoX.toc'.


[3]
Underfull \hbox (badness 10000) in paragraph at lines 190--193

 []

[4]

Class scrartcl Warning: Usage of deprecated font command `\rm'!
(scrartcl)              You should note, that in 1994 font command `\rm' has
(scrartcl)              been defined for compatiblitiy to Script 2.0 only.
(scrartcl)              Now, after two decades of LaTeX2e and NFSS2, you
(scrartcl)              shouldn't use such commands any longer and within
(scrartcl)              KOMA-Script usage of `\rm' is definitely deprecated.
(scrartcl)              See `fntguide.pdf' for more information about
(scrartcl)              recommended font commands.
(scrartcl)              Note also, that KOMA-Script will remove the definition
(scrartcl)              of `\rm' anytime until release of about version 3.20.
(scrartcl)              But for now, KOMA-Script will replace deprecated `\rm'
(scrartcl)              by `\normalfont \rmfamily ' on input line 204.

LaTeX Font Info:    Try loading font information for OMS+cmr on input line 218.


(s:/Apps/TeXstudioPlus portable/LaTeX portable/texlive portable/texmf-dist/tex/
latex/base/omscmr.fd
File: omscmr.fd 1999/05/25 v2.5h Standard LaTeX font definitions
)
LaTeX Font Info:    Font shape `OMS/cmr/m/n' in size <20.74> not available
(Font)              Font shape `OMS/cmsy/m/n' tried instead on input line 218.

Underfull \vbox (badness 3118) has occurred while \output is active []

 [5]
No file Projektplan-ChronoX.bbl.
[6]
Underfull \hbox (badness 2913) in paragraph at lines 283--284
[]\OT1/cmr/m/it/20.74 Genaue Be-schrei-bung der Rol-len, Rech-te und
 []

[7] [8]
Underfull \hbox (badness 2302) in paragraph at lines 324--326
\OT1/cmr/m/n/20.74 even-tu-ell Kri-sen-sit-zun-gen ab-hal-ten kann. Not-falls
 []


Underfull \hbox (badness 10000) in paragraph at lines 324--326

 []

[9]
Underfull \hbox (badness 10000) in paragraph at lines 330--334

 []


Underfull \hbox (badness 10000) in paragraph at lines 335--336

 []

[10]
Underfull \hbox (badness 4981) in paragraph at lines 364--366
\OT1/cmr/m/it/20.74 Eu-er Kon-fi-gu-ra-ti-ons-ma-na-ge-ment funk-tio-nie-ren?
 []

[11] [12]
LaTeX Font Info:    External font `cmex10' loaded for size
(Font)              <20.74> on input line 392.
LaTeX Font Info:    External font `cmex10' loaded for size
(Font)              <14.4> on input line 392.

Underfull \hbox (badness 10000) in paragraph at lines 393--393
[]|\OT1/cmr/bx/n/20.74 Arbeitspaket
 []


Underfull \hbox (badness 10000) in paragraph at lines 393--393
[]|\OT1/cmr/bx/n/20.74 Bezeichnung: \OT1/cmr/m/n/20.74 An-for-de-rungs-
 []


Overfull \hbox (19.42911pt too wide) in paragraph at lines 396--396
[]|\OT1/cmr/bx/n/20.74 Verantwortlicher| 
 []


Overfull \hbox (3.86035pt too wide) in paragraph at lines 392--407
[][] 
 []


Underfull \vbox (badness 10000) has occurred while \output is active []

 [13]
Underfull \hbox (badness 10000) in paragraph at lines 412--412
[]|\OT1/cmr/bx/n/20.74 Arbeitspaket
 []


Overfull \hbox (19.42911pt too wide) in paragraph at lines 415--415
[]|\OT1/cmr/bx/n/20.74 Verantwortlicher
 []


Overfull \hbox (3.86035pt too wide) in paragraph at lines 411--426
[][] 
 []


Underfull \vbox (badness 10000) has occurred while \output is active []

 [14]
Underfull \hbox (badness 10000) in paragraph at lines 431--431
[]|\OT1/cmr/bx/n/20.74 Arbeitspaket
 []


Overfull \hbox (19.42911pt too wide) in paragraph at lines 434--434
[]|\OT1/cmr/bx/n/20.74 Verantwortlicher| 
 []


Overfull \hbox (3.86035pt too wide) in paragraph at lines 430--444
[][] 
 []


Underfull \vbox (badness 10000) has occurred while \output is active []

 [15]
Underfull \hbox (badness 10000) in paragraph at lines 449--449
[]|\OT1/cmr/bx/n/20.74 Arbeitspaket
 []


Overfull \hbox (19.42911pt too wide) in paragraph at lines 452--452
[]|\OT1/cmr/bx/n/20.74 Verantwortlicher| 
 []


Overfull \hbox (3.86035pt too wide) in paragraph at lines 448--462
[][] 
 []


Underfull \vbox (badness 10000) has occurred while \output is active []

 [16]
Underfull \hbox (badness 10000) in paragraph at lines 467--467
[]|\OT1/cmr/bx/n/20.74 Arbeitspaket
 []


Overfull \hbox (19.42911pt too wide) in paragraph at lines 470--470
[]|\OT1/cmr/bx/n/20.74 Verantwortlicher| 
 []


Underfull \hbox (badness 2221) in paragraph at lines 477--477
[]|\OT1/cmr/bx/n/20.74 Beschreibung:\OT1/cmr/m/n/20.74 Hier wer-den die ein-zel
-nen Be-
 []


Underfull \hbox (badness 10000) in paragraph at lines 478--478
[]|\OT1/cmr/bx/n/20.74 Mindestkriterien: \OT1/cmr/m/n/20.74 Das De-sign soll de
n
 []


Underfull \hbox (badness 10000) in paragraph at lines 478--478
\OT1/cmr/m/n/20.74 W[]unschen des Kun-den bestm[]oglich ent-spre-
 []


Overfull \hbox (3.86035pt too wide) in paragraph at lines 466--481
[][] 
 []


Underfull \vbox (badness 10000) has occurred while \output is active []

 [17]
Underfull \hbox (badness 10000) in paragraph at lines 485--485
[]|\OT1/cmr/bx/n/20.74 Arbeitspaket
 []


Underfull \hbox (badness 10000) in paragraph at lines 485--485
[]|\OT1/cmr/bx/n/20.74 Bezeichnung: \OT1/cmr/m/n/20.74 Ent-wick-lungs-
 []


Overfull \hbox (19.42911pt too wide) in paragraph at lines 488--488
[]|\OT1/cmr/bx/n/20.74 Verantwortlicher| 
 []


Underfull \hbox (badness 1231) in paragraph at lines 497--497
\OT1/cmr/m/n/20.74 Story-Board und dem De-sign, wel-che auf dem
 []


Overfull \hbox (3.86035pt too wide) in paragraph at lines 484--500
[] 
 []


Underfull \vbox (badness 10000) has occurred while \output is active []

 [18]
Underfull \hbox (badness 10000) in paragraph at lines 504--504
[]|\OT1/cmr/bx/n/20.74 Arbeitspaket
 []


Underfull \hbox (badness 6348) in paragraph at lines 504--504
[]|\OT1/cmr/bx/n/20.74 Bezeichnung: \OT1/cmr/m/n/20.74 GUI-Prototyp-
 []


Overfull \hbox (19.42911pt too wide) in paragraph at lines 507--507
[]|\OT1/cmr/bx/n/20.74 Verantwortlicher| 
 []


Overfull \hbox (3.86035pt too wide) in paragraph at lines 503--519
[] 
 []


Underfull \vbox (badness 10000) has occurred while \output is active []

 [19]
Underfull \hbox (badness 10000) in paragraph at lines 523--523
[]|\OT1/cmr/bx/n/20.74 Arbeitspaket
 []


Underfull \hbox (badness 10000) in paragraph at lines 523--523
[]|\OT1/cmr/bx/n/20.74 Bezeichnung: \OT1/cmr/m/n/20.74 Ent-wick-lungs-
 []


Overfull \hbox (19.42911pt too wide) in paragraph at lines 526--526
[]|\OT1/cmr/bx/n/20.74 Verantwortlicher| 
 []


Overfull \hbox (3.86035pt too wide) in paragraph at lines 522--536
[] 
 []


Underfull \vbox (badness 10000) has occurred while \output is active []

 [20]
Underfull \hbox (badness 10000) in paragraph at lines 541--541
[]|\OT1/cmr/bx/n/20.74 Arbeitspaket
 []


Underfull \hbox (badness 1675) in paragraph at lines 541--541
[]|\OT1/cmr/bx/n/20.74 Bezeichnung: \OT1/cmr/m/n/20.74 Do-ku-ment der
 []


Overfull \hbox (19.42911pt too wide) in paragraph at lines 544--544
[]|\OT1/cmr/bx/n/20.74 Verantwortlicher| 
 []


Overfull \hbox (3.86035pt too wide) in paragraph at lines 540--554
[][] 
 []


Underfull \vbox (badness 10000) has occurred while \output is active []

 [21]
Underfull \hbox (badness 10000) in paragraph at lines 559--559
[]|\OT1/cmr/bx/n/20.74 Arbeitspaket
 []


Overfull \hbox (19.42911pt too wide) in paragraph at lines 562--562
[]|\OT1/cmr/bx/n/20.74 Verantwortlicher| 
 []


Overfull \hbox (3.86035pt too wide) in paragraph at lines 558--575
[][] 
 []


Underfull \vbox (badness 10000) has occurred while \output is active []

 [22]
Underfull \hbox (badness 10000) in paragraph at lines 580--580
[]|\OT1/cmr/bx/n/20.74 Arbeitspaket
 []


Overfull \hbox (19.42911pt too wide) in paragraph at lines 583--583
[]|\OT1/cmr/bx/n/20.74 Verantwortlicher| 
 []


Overfull \hbox (3.86035pt too wide) in paragraph at lines 579--596
[][] 
 []

[23]
Underfull \hbox (badness 10000) in paragraph at lines 601--601
[]|\OT1/cmr/bx/n/20.74 Arbeitspaket
 []


Underfull \hbox (badness 1708) in paragraph at lines 601--601
[]|\OT1/cmr/bx/n/20.74 Bezeichnung: \OT1/cmr/m/n/20.74 Ana-ly-se []ahn-li-
 []


Overfull \hbox (19.42911pt too wide) in paragraph at lines 604--604
[]|\OT1/cmr/bx/n/20.74 Verantwortlicher| 
 []


Overfull \hbox (3.86035pt too wide) in paragraph at lines 600--614
[][] 
 []

[24]
Underfull \hbox (badness 10000) in paragraph at lines 619--619
[]|\OT1/cmr/bx/n/20.74 Arbeitspaket
 []


Overfull \hbox (19.42911pt too wide) in paragraph at lines 622--622
[]|\OT1/cmr/bx/n/20.74 Verantwortlicher| 
 []


Overfull \hbox (3.86035pt too wide) in paragraph at lines 618--634
[][] 
 []


Underfull \vbox (badness 10000) has occurred while \output is active []

 [25]
Underfull \hbox (badness 10000) in paragraph at lines 639--639
[]|\OT1/cmr/bx/n/20.74 Arbeitspaket
 []


Overfull \hbox (19.42911pt too wide) in paragraph at lines 642--642
[]|\OT1/cmr/bx/n/20.74 Verantwortlicher| 
 []


Overfull \hbox (3.86035pt too wide) in paragraph at lines 638--653
[][] 
 []


Underfull \vbox (badness 10000) has occurred while \output is active []

 [26]
Underfull \hbox (badness 10000) in paragraph at lines 658--658
[]|\OT1/cmr/bx/n/20.74 Arbeitspaket
 []


Overfull \hbox (19.42911pt too wide) in paragraph at lines 661--661
[]|\OT1/cmr/bx/n/20.74 Verantwortlicher| 
 []


Overfull \hbox (3.86035pt too wide) in paragraph at lines 657--672
[][] 
 []


Underfull \vbox (badness 10000) has occurred while \output is active []

 [27]
Underfull \hbox (badness 10000) in paragraph at lines 677--677
[]|\OT1/cmr/bx/n/20.74 Arbeitspaket
 []


Overfull \hbox (19.42911pt too wide) in paragraph at lines 680--680
[]|\OT1/cmr/bx/n/20.74 Verantwortlicher| 
 []


Overfull \hbox (3.86035pt too wide) in paragraph at lines 676--691
[][] 
 []


Underfull \vbox (badness 10000) has occurred while \output is active []

 [28]
Underfull \hbox (badness 10000) in paragraph at lines 696--696
[]|\OT1/cmr/bx/n/20.74 Arbeitspaket
 []


Underfull \hbox (badness 10000) in paragraph at lines 696--696
[]|\OT1/cmr/bx/n/20.74 Bezeichnung: \OT1/cmr/m/n/20.74 Pro-dukt-per-
 []


Overfull \hbox (19.42911pt too wide) in paragraph at lines 699--699
[]|\OT1/cmr/bx/n/20.74 Verantwortlicher| 
 []


Overfull \hbox (3.86035pt too wide) in paragraph at lines 695--710
[][] 
 []


Underfull \vbox (badness 10000) has occurred while \output is active []

 [29]
Underfull \hbox (badness 10000) in paragraph at lines 716--716
[]|\OT1/cmr/bx/n/20.74 Arbeitspaket
 []


Underfull \hbox (badness 10000) in paragraph at lines 716--716
[]|\OT1/cmr/bx/n/20.74 Bezeichnung: \OT1/cmr/m/n/20.74 Ein-schr[]ankun-
 []


Overfull \hbox (19.42911pt too wide) in paragraph at lines 719--719
[]|\OT1/cmr/bx/n/20.74 Verantwortlicher| 
 []


Underfull \hbox (badness 2189) in paragraph at lines 727--727
\OT1/cmr/m/n/20.74 w[]ahrend der Durchf[]uhrung des Pro-jek-tes und
 []


Overfull \hbox (3.86035pt too wide) in paragraph at lines 715--730
[][] 
 []


Underfull \vbox (badness 10000) has occurred while \output is active []

 [30]
Underfull \hbox (badness 10000) in paragraph at lines 735--735
[]|\OT1/cmr/bx/n/20.74 Arbeitspaket
 []


Overfull \hbox (19.42911pt too wide) in paragraph at lines 738--738
[]|\OT1/cmr/bx/n/20.74 Verantwortlicher| 
 []


Underfull \hbox (badness 10000) in paragraph at lines 747--747
\OT1/cmr/m/n/20.74 Die An-wen-dungsf[]alle de-cken die m[]ogli-chen
 []


Overfull \hbox (3.86035pt too wide) in paragraph at lines 734--749
[][] 
 []


Underfull \vbox (badness 10000) has occurred while \output is active []

 [31]
Underfull \hbox (badness 10000) in paragraph at lines 754--754
[]|\OT1/cmr/bx/n/20.74 Arbeitspaket
 []


Overfull \hbox (19.42911pt too wide) in paragraph at lines 757--757
[]|\OT1/cmr/bx/n/20.74 Verantwortlicher| 
 []


Overfull \hbox (3.86035pt too wide) in paragraph at lines 753--767
[][] 
 []


Underfull \vbox (badness 10000) has occurred while \output is active []

 [32]
Underfull \hbox (badness 10000) in paragraph at lines 772--772
[]|\OT1/cmr/bx/n/20.74 Arbeitspaket
 []


Underfull \hbox (badness 2351) in paragraph at lines 772--772
[]|\OT1/cmr/bx/n/20.74 Bezeichnung: \OT1/cmr/m/n/20.74 Er-stel-lung der
 []


Overfull \hbox (19.42911pt too wide) in paragraph at lines 775--775
[]|\OT1/cmr/bx/n/20.74 Verantwortlicher| 
 []


Overfull \hbox (3.86035pt too wide) in paragraph at lines 771--785
[][] 
 []


Underfull \vbox (badness 10000) has occurred while \output is active []

 [33]
Underfull \hbox (badness 10000) in paragraph at lines 790--790
[]|\OT1/cmr/bx/n/20.74 Arbeitspaket
 []


Overfull \hbox (19.42911pt too wide) in paragraph at lines 793--793
[]|\OT1/cmr/bx/n/20.74 Verantwortlicher| 
 []


Overfull \hbox (3.86035pt too wide) in paragraph at lines 789--803
[][] 
 []


Underfull \vbox (badness 10000) has occurred while \output is active []

 [34]
Underfull \hbox (badness 10000) in paragraph at lines 808--808
[]|\OT1/cmr/bx/n/20.74 Arbeitspaket
 []


Overfull \hbox (19.42911pt too wide) in paragraph at lines 811--811
[]|\OT1/cmr/bx/n/20.74 Verantwortlicher| 
 []


Overfull \hbox (3.86035pt too wide) in paragraph at lines 807--822
[][] 
 []


Underfull \vbox (badness 10000) has occurred while \output is active []

 [35]
Underfull \hbox (badness 10000) in paragraph at lines 827--827
[]|\OT1/cmr/bx/n/20.74 Arbeitspaket
 []


Overfull \hbox (19.42911pt too wide) in paragraph at lines 830--830
[]|\OT1/cmr/bx/n/20.74 Verantwortlicher| 
 []


Overfull \hbox (3.86035pt too wide) in paragraph at lines 826--840
[][] 
 []


Underfull \vbox (badness 10000) has occurred while \output is active []

 [36]
Underfull \hbox (badness 10000) in paragraph at lines 845--845
[]|\OT1/cmr/bx/n/20.74 Arbeitspaket
 []


Overfull \hbox (19.42911pt too wide) in paragraph at lines 848--848
[]|\OT1/cmr/bx/n/20.74 Verantwortlicher| 
 []


Underfull \hbox (badness 10000) in paragraph at lines 856--856
\OT1/cmr/m/n/20.74 Die An-wen-dungsf[]alle stel-len al-le m[]ogli-chen
 []


Overfull \hbox (3.86035pt too wide) in paragraph at lines 844--858
[][] 
 []


Underfull \vbox (badness 10000) has occurred while \output is active []

 [37]
Underfull \hbox (badness 10000) in paragraph at lines 863--863
[]|\OT1/cmr/bx/n/20.74 Arbeitspaket
 []


Overfull \hbox (19.42911pt too wide) in paragraph at lines 866--866
[]|\OT1/cmr/bx/n/20.74 Verantwortlicher| 
 []


Overfull \hbox (3.86035pt too wide) in paragraph at lines 862--876
[][] 
 []


Underfull \vbox (badness 10000) has occurred while \output is active []

 [38]
Underfull \hbox (badness 10000) in paragraph at lines 881--881
[]|\OT1/cmr/bx/n/20.74 Arbeitspaket
 []


Overfull \hbox (19.42911pt too wide) in paragraph at lines 884--884
[]|\OT1/cmr/bx/n/20.74 Verantwortlicher| 
 []


Overfull \hbox (3.86035pt too wide) in paragraph at lines 880--894
[][] 
 []


Underfull \vbox (badness 10000) has occurred while \output is active []

 [39]
Underfull \hbox (badness 10000) in paragraph at lines 899--899
[]|\OT1/cmr/bx/n/20.74 Arbeitspaket
 []


Underfull \hbox (badness 4416) in paragraph at lines 899--899
[]|\OT1/cmr/bx/n/20.74 Bezeichnung: \OT1/cmr/m/n/20.74 Schrei-ben des
 []


Overfull \hbox (19.42911pt too wide) in paragraph at lines 902--902
[]|\OT1/cmr/bx/n/20.74 Verantwortlicher| 
 []


Overfull \hbox (3.86035pt too wide) in paragraph at lines 898--912
[][] 
 []


Underfull \vbox (badness 10000) has occurred while \output is active []

 [40]
Underfull \hbox (badness 10000) in paragraph at lines 920--920
[]|\OT1/cmr/bx/n/20.74 Arbeitspaket
 []


Underfull \hbox (badness 2351) in paragraph at lines 920--920
[]|\OT1/cmr/bx/n/20.74 Bezeichnung: \OT1/cmr/m/n/20.74 Er-stel-lung der
 []


Overfull \hbox (19.42911pt too wide) in paragraph at lines 923--923
[]|\OT1/cmr/bx/n/20.74 Verantwortlicher| 
 []


Overfull \hbox (3.86035pt too wide) in paragraph at lines 919--933
[][] 
 []


Underfull \vbox (badness 3417) has occurred while \output is active []

 [41]
Underfull \hbox (badness 10000) in paragraph at lines 938--938
[]|\OT1/cmr/bx/n/20.74 Arbeitspaket
 []


Overfull \hbox (19.42911pt too wide) in paragraph at lines 941--941
[]|\OT1/cmr/bx/n/20.74 Verantwortlicher| 
 []


Overfull \hbox (3.86035pt too wide) in paragraph at lines 937--951
[][] 
 []


Underfull \vbox (badness 10000) has occurred while \output is active []

 [42]
Underfull \hbox (badness 10000) in paragraph at lines 956--956
[]|\OT1/cmr/bx/n/20.74 Arbeitspaket
 []


Underfull \hbox (badness 10000) in paragraph at lines 956--956
[]|\OT1/cmr/bx/n/20.74 Bezeichnung: \OT1/cmr/m/n/20.74 Im-ple-men-tie-
 []


Overfull \hbox (19.42911pt too wide) in paragraph at lines 959--959
[]|\OT1/cmr/bx/n/20.74 Verantwortlicher| 
 []


Overfull \hbox (3.86035pt too wide) in paragraph at lines 955--969
[][] 
 []


Underfull \vbox (badness 10000) has occurred while \output is active []

 [43]
[44]
Underfull \hbox (badness 2990) in paragraph at lines 993--995
[]\OT1/cmr/bx/n/20.74 Muss in SWP-2 aus-gef[]ullt wer-den[]\OT1/cmr/m/it/20.74 
Wenn
 []


Underfull \hbox (badness 3058) in paragraph at lines 997--1000
\OT1/cmr/m/it/20.74 fal-len z.B. auch in-ter-ne Schu-lun-gen, die Ihr
 []

[45]
Package atveryend Info: Empty hook `BeforeClearDocument' on input line 1018.
 [46]
Package atveryend Info: Empty hook `AfterLastShipout' on input line 1018.
 (./Projektplan-ChronoX.aux)
Package atveryend Info: Executing hook `AtVeryEndDocument' on input line 1018.
Package atveryend Info: Empty hook `AtEndAfterFileList' on input line 1018.
Package atveryend Info: Empty hook `AtVeryVeryEnd' on input line 1018.
 ) 
Here is how much of TeX's memory you used:
 16533 strings out of 493308
 288687 string characters out of 6139568
 401405 words of memory out of 5000000
 19641 multiletter control sequences out of 15000+600000
 13755 words of font info for 49 fonts, out of 8000000 for 9000
 957 hyphenation exceptions out of 8191
 44i,12n,51p,10395b,575s stack positions out of 5000i,500n,10000p,200000b,80000s
<s:/Apps/TeXstudioPlus portable/LaTeX portable/texlive portable/texmf-dist/fo
nts/type1/public/amsfonts/cm/cmbx10.pfb><s:/Apps/TeXstudioPlus portable/LaTeX p
ortable/texlive portable/texmf-dist/fonts/type1/public/amsfonts/cm/cmbx12.pfb><
s:/Apps/TeXstudioPlus portable/LaTeX portable/texlive portable/texmf-dist/fonts
/type1/public/amsfonts/cm/cmr12.pfb><s:/Apps/TeXstudioPlus portable/LaTeX porta
ble/texlive portable/texmf-dist/fonts/type1/public/amsfonts/cm/cmr17.pfb><s:/Ap
ps/TeXstudioPlus portable/LaTeX portable/texlive portable/texmf-dist/fonts/type
1/public/amsfonts/cm/cmsl12.pfb><s:/Apps/TeXstudioPlus portable/LaTeX portable/
texlive portable/texmf-dist/fonts/type1/public/amsfonts/cm/cmss12.pfb><s:/Apps/
TeXstudioPlus portable/LaTeX portable/texlive portable/texmf-dist/fonts/type1/p
ublic/amsfonts/cm/cmss17.pfb><s:/Apps/TeXstudioPlus portable/LaTeX portable/tex
live portable/texmf-dist/fonts/type1/public/amsfonts/cm/cmssbx10.pfb><s:/Apps/T
eXstudioPlus portable/LaTeX portable/texlive portable/texmf-dist/fonts/type1/pu
blic/amsfonts/cm/cmsy10.pfb><s:/Apps/TeXstudioPlus portable/LaTeX portable/texl
ive portable/texmf-dist/fonts/type1/public/amsfonts/cm/cmti12.pfb>
Output written on Projektplan-ChronoX.pdf (46 pages, 214568 bytes).
PDF statistics:
 511 PDF objects out of 1000 (max. 8388607)
 448 compressed objects within 5 object streams
 97 named destinations out of 1000 (max. 500000)
 385 words of extra memory for PDF output out of 10000 (max. 10000000)

